{"/Users/manel.alonso/repos/lk-coding-exercise-product-engineer-react-native/App.tsx": {"path":"/Users/manel.alonso/repos/lk-coding-exercise-product-engineer-react-native/App.tsx","statementMap":{"0":{"start":{"line":4,"column":44},"end":{"line":8,"column":1}},"1":{"start":{"line":11,"column":2},"end":{"line":15,"column":4}}},"fnMap":{"0":{"name":"App","decl":{"start":{"line":10,"column":24},"end":{"line":10,"column":27}},"loc":{"start":{"line":10,"column":30},"end":{"line":16,"column":1}},"line":10}},"branchMap":{},"s":{"0":1,"1":1},"f":{"0":1},"b":{},"_coverageSchema":"1a1c01bbd47fc00a2c39e90264f33305004495a9","hash":"5acb388a97ff1a2522e8260b721363ac849dbd3b"}
,"/Users/manel.alonso/repos/lk-coding-exercise-product-engineer-react-native/src/api/util/utils.ts": {"path":"/Users/manel.alonso/repos/lk-coding-exercise-product-engineer-react-native/src/api/util/utils.ts","statementMap":{"0":{"start":{"line":3,"column":41},"end":{"line":23,"column":1}},"1":{"start":{"line":4,"column":29},"end":{"line":4,"column":35}},"2":{"start":{"line":5,"column":28},"end":{"line":5,"column":35}},"3":{"start":{"line":6,"column":22},"end":{"line":11,"column":4}},"4":{"start":{"line":7,"column":18},"end":{"line":7,"column":32}},"5":{"start":{"line":8,"column":17},"end":{"line":8,"column":31}},"6":{"start":{"line":10,"column":4},"end":{"line":10,"column":27}},"7":{"start":{"line":12,"column":24},"end":{"line":16,"column":33}},"8":{"start":{"line":14,"column":6},"end":{"line":14,"column":56}},"9":{"start":{"line":16,"column":19},"end":{"line":16,"column":20}},"10":{"start":{"line":18,"column":2},"end":{"line":22,"column":4}}},"fnMap":{"0":{"name":"(anonymous_0)","decl":{"start":{"line":3,"column":41},"end":{"line":3,"column":42}},"loc":{"start":{"line":3,"column":74},"end":{"line":23,"column":1}},"line":3},"1":{"name":"(anonymous_1)","decl":{"start":{"line":6,"column":32},"end":{"line":6,"column":33}},"loc":{"start":{"line":6,"column":47},"end":{"line":11,"column":3}},"line":6},"2":{"name":"(anonymous_2)","decl":{"start":{"line":13,"column":9},"end":{"line":13,"column":10}},"loc":{"start":{"line":13,"column":26},"end":{"line":15,"column":5}},"line":13},"3":{"name":"(anonymous_3)","decl":{"start":{"line":16,"column":12},"end":{"line":16,"column":13}},"loc":{"start":{"line":16,"column":19},"end":{"line":16,"column":20}},"line":16}},"branchMap":{"0":{"loc":{"start":{"line":14,"column":13},"end":{"line":14,"column":55}},"type":"cond-expr","locations":[{"start":{"line":14,"column":42},"end":{"line":14,"column":48}},{"start":{"line":14,"column":51},"end":{"line":14,"column":55}}],"line":14}},"s":{"0":3,"1":2,"2":2,"3":2,"4":6,"5":6,"6":6,"7":2,"8":4,"9":4,"10":2},"f":{"0":2,"1":6,"2":4,"3":4},"b":{"0":[3,1]},"_coverageSchema":"1a1c01bbd47fc00a2c39e90264f33305004495a9","hash":"ad1cdabfe79d0d42409420d38912a72ad0d897c4"}
,"/Users/manel.alonso/repos/lk-coding-exercise-product-engineer-react-native/src/components/Home/Home.tsx": {"path":"/Users/manel.alonso/repos/lk-coding-exercise-product-engineer-react-native/src/components/Home/Home.tsx","statementMap":{"0":{"start":{"line":7,"column":20},"end":{"line":35,"column":1}},"1":{"start":{"line":9,"column":4},"end":{"line":9,"column":18}},"2":{"start":{"line":11,"column":2},"end":{"line":34,"column":4}}},"fnMap":{"0":{"name":"(anonymous_0)","decl":{"start":{"line":7,"column":20},"end":{"line":7,"column":21}},"loc":{"start":{"line":7,"column":26},"end":{"line":35,"column":1}},"line":7}},"branchMap":{"0":{"loc":{"start":{"line":14,"column":7},"end":{"line":22,"column":14}},"type":"cond-expr","locations":[{"start":{"line":15,"column":8},"end":{"line":21,"column":10}},{"start":{"line":22,"column":10},"end":{"line":22,"column":14}}],"line":14},"1":{"loc":{"start":{"line":24,"column":7},"end":{"line":32,"column":14}},"type":"cond-expr","locations":[{"start":{"line":25,"column":8},"end":{"line":31,"column":10}},{"start":{"line":32,"column":10},"end":{"line":32,"column":14}}],"line":24}},"s":{"0":1,"1":5,"2":5},"f":{"0":5},"b":{"0":[0,5],"1":[2,3]},"_coverageSchema":"1a1c01bbd47fc00a2c39e90264f33305004495a9","hash":"42e2682088b3d4f5d981a99145d3bce6e7a25cf1"}
,"/Users/manel.alonso/repos/lk-coding-exercise-product-engineer-react-native/src/components/Home/styles.ts": {"path":"/Users/manel.alonso/repos/lk-coding-exercise-product-engineer-react-native/src/components/Home/styles.ts","statementMap":{"0":{"start":{"line":3,"column":48},"end":{"line":12,"column":1}},"1":{"start":{"line":14,"column":48},"end":{"line":16,"column":1}},"2":{"start":{"line":18,"column":52},"end":{"line":21,"column":1}}},"fnMap":{},"branchMap":{},"s":{"0":1,"1":1,"2":1},"f":{},"b":{},"_coverageSchema":"1a1c01bbd47fc00a2c39e90264f33305004495a9","hash":"e7e265321a459fb523c23e213f3310ac0b6c00e8"}
,"/Users/manel.alonso/repos/lk-coding-exercise-product-engineer-react-native/src/components/Home/hooks/useHomeState.tsx": {"path":"/Users/manel.alonso/repos/lk-coding-exercise-product-engineer-react-native/src/components/Home/hooks/useHomeState.tsx","statementMap":{"0":{"start":{"line":6,"column":28},"end":{"line":60,"column":1}},"1":{"start":{"line":7,"column":32},"end":{"line":7,"column":47}},"2":{"start":{"line":8,"column":32},"end":{"line":8,"column":59}},"3":{"start":{"line":9,"column":34},"end":{"line":9,"column":54}},"4":{"start":{"line":10,"column":38},"end":{"line":10,"column":65}},"5":{"start":{"line":12,"column":2},"end":{"line":19,"column":9}},"6":{"start":{"line":13,"column":4},"end":{"line":13,"column":21}},"7":{"start":{"line":14,"column":4},"end":{"line":18,"column":7}},"8":{"start":{"line":15,"column":6},"end":{"line":15,"column":33}},"9":{"start":{"line":16,"column":6},"end":{"line":16,"column":31}},"10":{"start":{"line":17,"column":6},"end":{"line":17,"column":24}},"11":{"start":{"line":21,"column":26},"end":{"line":33,"column":3}},"12":{"start":{"line":22,"column":18},"end":{"line":22,"column":70}},"13":{"start":{"line":22,"column":46},"end":{"line":22,"column":69}},"14":{"start":{"line":24,"column":4},"end":{"line":30,"column":5}},"15":{"start":{"line":25,"column":28},"end":{"line":25,"column":43}},"16":{"start":{"line":26,"column":6},"end":{"line":26,"column":37}},"17":{"start":{"line":27,"column":6},"end":{"line":27,"column":35}},"18":{"start":{"line":29,"column":6},"end":{"line":29,"column":13}},"19":{"start":{"line":32,"column":4},"end":{"line":32,"column":44}},"20":{"start":{"line":35,"column":21},"end":{"line":50,"column":3}},"21":{"start":{"line":42,"column":4},"end":{"line":49,"column":6}},"22":{"start":{"line":47,"column":44},"end":{"line":47,"column":64}},"23":{"start":{"line":52,"column":25},"end":{"line":57,"column":3}},"24":{"start":{"line":53,"column":4},"end":{"line":56,"column":7}},"25":{"start":{"line":54,"column":6},"end":{"line":54,"column":50}},"26":{"start":{"line":55,"column":6},"end":{"line":55,"column":31}},"27":{"start":{"line":59,"column":2},"end":{"line":59,"column":87}}},"fnMap":{"0":{"name":"(anonymous_0)","decl":{"start":{"line":6,"column":28},"end":{"line":6,"column":29}},"loc":{"start":{"line":6,"column":34},"end":{"line":60,"column":1}},"line":6},"1":{"name":"(anonymous_1)","decl":{"start":{"line":12,"column":12},"end":{"line":12,"column":13}},"loc":{"start":{"line":12,"column":18},"end":{"line":19,"column":3}},"line":12},"2":{"name":"(anonymous_2)","decl":{"start":{"line":14,"column":23},"end":{"line":14,"column":24}},"loc":{"start":{"line":14,"column":35},"end":{"line":18,"column":5}},"line":14},"3":{"name":"(anonymous_3)","decl":{"start":{"line":21,"column":26},"end":{"line":21,"column":27}},"loc":{"start":{"line":21,"column":52},"end":{"line":33,"column":3}},"line":21},"4":{"name":"(anonymous_4)","decl":{"start":{"line":22,"column":39},"end":{"line":22,"column":40}},"loc":{"start":{"line":22,"column":46},"end":{"line":22,"column":69}},"line":22},"5":{"name":"(anonymous_5)","decl":{"start":{"line":35,"column":21},"end":{"line":35,"column":22}},"loc":{"start":{"line":41,"column":8},"end":{"line":50,"column":3}},"line":41},"6":{"name":"(anonymous_6)","decl":{"start":{"line":47,"column":37},"end":{"line":47,"column":38}},"loc":{"start":{"line":47,"column":44},"end":{"line":47,"column":64}},"line":47},"7":{"name":"(anonymous_7)","decl":{"start":{"line":52,"column":25},"end":{"line":52,"column":26}},"loc":{"start":{"line":52,"column":31},"end":{"line":57,"column":3}},"line":52},"8":{"name":"(anonymous_8)","decl":{"start":{"line":53,"column":31},"end":{"line":53,"column":32}},"loc":{"start":{"line":53,"column":43},"end":{"line":56,"column":5}},"line":53}},"branchMap":{"0":{"loc":{"start":{"line":24,"column":4},"end":{"line":30,"column":5}},"type":"if","locations":[{"start":{"line":24,"column":4},"end":{"line":30,"column":5}},{"start":{},"end":{}}],"line":24}},"s":{"0":2,"1":24,"2":24,"3":24,"4":24,"5":24,"6":4,"7":4,"8":4,"9":4,"10":4,"11":24,"12":2,"13":1,"14":2,"15":1,"16":1,"17":1,"18":1,"19":1,"20":24,"21":0,"22":0,"23":24,"24":1,"25":1,"26":1,"27":24},"f":{"0":24,"1":4,"2":4,"3":2,"4":1,"5":0,"6":0,"7":1,"8":1},"b":{"0":[1,1]},"_coverageSchema":"1a1c01bbd47fc00a2c39e90264f33305004495a9","hash":"630ba0f4458df0701d695e10c3b4e17e401fc1cf"}
,"/Users/manel.alonso/repos/lk-coding-exercise-product-engineer-react-native/src/components/common/Header/Header.tsx": {"path":"/Users/manel.alonso/repos/lk-coding-exercise-product-engineer-react-native/src/components/common/Header/Header.tsx","statementMap":{"0":{"start":{"line":7,"column":22},"end":{"line":33,"column":1}},"1":{"start":{"line":8,"column":40},"end":{"line":8,"column":64}},"2":{"start":{"line":10,"column":23},"end":{"line":12,"column":3}},"3":{"start":{"line":11,"column":4},"end":{"line":11,"column":33}},"4":{"start":{"line":18,"column":2},"end":{"line":32,"column":4}}},"fnMap":{"0":{"name":"(anonymous_0)","decl":{"start":{"line":7,"column":22},"end":{"line":7,"column":23}},"loc":{"start":{"line":7,"column":28},"end":{"line":33,"column":1}},"line":7},"1":{"name":"(anonymous_1)","decl":{"start":{"line":10,"column":23},"end":{"line":10,"column":24}},"loc":{"start":{"line":10,"column":29},"end":{"line":12,"column":3}},"line":10}},"branchMap":{"0":{"loc":{"start":{"line":30,"column":7},"end":{"line":30,"column":102}},"type":"cond-expr","locations":[{"start":{"line":30,"column":21},"end":{"line":30,"column":95}},{"start":{"line":30,"column":98},"end":{"line":30,"column":102}}],"line":30}},"s":{"0":1,"1":5,"2":5,"3":0,"4":5},"f":{"0":5,"1":0},"b":{"0":[0,5]},"_coverageSchema":"1a1c01bbd47fc00a2c39e90264f33305004495a9","hash":"444d9a05e8a31b33155d7198500aeac5d780a07f"}
,"/Users/manel.alonso/repos/lk-coding-exercise-product-engineer-react-native/src/components/common/Header/style.ts": {"path":"/Users/manel.alonso/repos/lk-coding-exercise-product-engineer-react-native/src/components/common/Header/style.ts","statementMap":{"0":{"start":{"line":3,"column":50},"end":{"line":9,"column":1}},"1":{"start":{"line":11,"column":50},"end":{"line":20,"column":1}}},"fnMap":{},"branchMap":{},"s":{"0":1,"1":1},"f":{},"b":{},"_coverageSchema":"1a1c01bbd47fc00a2c39e90264f33305004495a9","hash":"b3b1f5baf4bf088a5c68ed127497ea94f032ecb7"}
,"/Users/manel.alonso/repos/lk-coding-exercise-product-engineer-react-native/src/components/common/Pokemon/Pokemon.tsx": {"path":"/Users/manel.alonso/repos/lk-coding-exercise-product-engineer-react-native/src/components/common/Pokemon/Pokemon.tsx","statementMap":{"0":{"start":{"line":27,"column":23},"end":{"line":77,"column":1}},"1":{"start":{"line":28,"column":55},"end":{"line":28,"column":60}},"2":{"start":{"line":29,"column":24},"end":{"line":29,"column":31}},"3":{"start":{"line":31,"column":32},"end":{"line":31,"column":58}},"4":{"start":{"line":32,"column":50},"end":{"line":32,"column":74}},"5":{"start":{"line":34,"column":2},"end":{"line":39,"column":9}},"6":{"start":{"line":35,"column":4},"end":{"line":38,"column":7}},"7":{"start":{"line":36,"column":22},"end":{"line":36,"column":55}},"8":{"start":{"line":37,"column":6},"end":{"line":37,"column":26}},"9":{"start":{"line":41,"column":24},"end":{"line":43,"column":3}},"10":{"start":{"line":42,"column":4},"end":{"line":42,"column":43}},"11":{"start":{"line":45,"column":2},"end":{"line":76,"column":4}},"12":{"start":{"line":56,"column":29},"end":{"line":56,"column":49}},"13":{"start":{"line":62,"column":29},"end":{"line":62,"column":49}}},"fnMap":{"0":{"name":"(anonymous_0)","decl":{"start":{"line":27,"column":23},"end":{"line":27,"column":24}},"loc":{"start":{"line":27,"column":48},"end":{"line":77,"column":1}},"line":27},"1":{"name":"(anonymous_1)","decl":{"start":{"line":34,"column":12},"end":{"line":34,"column":13}},"loc":{"start":{"line":34,"column":18},"end":{"line":39,"column":3}},"line":34},"2":{"name":"(anonymous_2)","decl":{"start":{"line":35,"column":31},"end":{"line":35,"column":32}},"loc":{"start":{"line":35,"column":43},"end":{"line":38,"column":5}},"line":35},"3":{"name":"(anonymous_3)","decl":{"start":{"line":41,"column":24},"end":{"line":41,"column":25}},"loc":{"start":{"line":41,"column":30},"end":{"line":43,"column":3}},"line":41},"4":{"name":"(anonymous_4)","decl":{"start":{"line":56,"column":23},"end":{"line":56,"column":24}},"loc":{"start":{"line":56,"column":29},"end":{"line":56,"column":49}},"line":56},"5":{"name":"(anonymous_5)","decl":{"start":{"line":62,"column":23},"end":{"line":62,"column":24}},"loc":{"start":{"line":62,"column":29},"end":{"line":62,"column":49}},"line":62}},"branchMap":{"0":{"loc":{"start":{"line":52,"column":11},"end":{"line":64,"column":11}},"type":"cond-expr","locations":[{"start":{"line":53,"column":12},"end":{"line":57,"column":14}},{"start":{"line":59,"column":12},"end":{"line":63,"column":14}}],"line":52},"1":{"loc":{"start":{"line":67,"column":7},"end":{"line":74,"column":14}},"type":"cond-expr","locations":[{"start":{"line":68,"column":8},"end":{"line":73,"column":10}},{"start":{"line":74,"column":10},"end":{"line":74,"column":14}}],"line":67}},"s":{"0":2,"1":0,"2":0,"3":0,"4":0,"5":0,"6":0,"7":0,"8":0,"9":0,"10":0,"11":0,"12":0,"13":0},"f":{"0":0,"1":0,"2":0,"3":0,"4":0,"5":0},"b":{"0":[0,0],"1":[0,0]},"_coverageSchema":"1a1c01bbd47fc00a2c39e90264f33305004495a9","hash":"5d827acad9481dd76c09323c56e1a151966b8aee"}
,"/Users/manel.alonso/repos/lk-coding-exercise-product-engineer-react-native/src/components/common/Pokemon/style.ts": {"path":"/Users/manel.alonso/repos/lk-coding-exercise-product-engineer-react-native/src/components/common/Pokemon/style.ts","statementMap":{"0":{"start":{"line":3,"column":53},"end":{"line":9,"column":1}},"1":{"start":{"line":11,"column":51},"end":{"line":23,"column":1}},"2":{"start":{"line":25,"column":56},"end":{"line":28,"column":1}},"3":{"start":{"line":30,"column":55},"end":{"line":34,"column":1}},"4":{"start":{"line":36,"column":58},"end":{"line":39,"column":1}},"5":{"start":{"line":41,"column":58},"end":{"line":44,"column":1}}},"fnMap":{},"branchMap":{},"s":{"0":2,"1":2,"2":2,"3":2,"4":2,"5":2},"f":{},"b":{},"_coverageSchema":"1a1c01bbd47fc00a2c39e90264f33305004495a9","hash":"1ad9ed22b282072fc428d1893504b49027b6a08b"}
,"/Users/manel.alonso/repos/lk-coding-exercise-product-engineer-react-native/src/components/common/PokemonDetail/PokemonDetail.tsx": {"path":"/Users/manel.alonso/repos/lk-coding-exercise-product-engineer-react-native/src/components/common/PokemonDetail/PokemonDetail.tsx","statementMap":{"0":{"start":{"line":26,"column":29},"end":{"line":82,"column":1}},"1":{"start":{"line":27,"column":48},"end":{"line":27,"column":53}},"2":{"start":{"line":29,"column":2},"end":{"line":81,"column":4}},"3":{"start":{"line":59,"column":18},"end":{"line":63,"column":20}},"4":{"start":{"line":69,"column":18},"end":{"line":73,"column":20}}},"fnMap":{"0":{"name":"(anonymous_0)","decl":{"start":{"line":26,"column":29},"end":{"line":26,"column":30}},"loc":{"start":{"line":26,"column":60},"end":{"line":82,"column":1}},"line":26},"1":{"name":"(anonymous_1)","decl":{"start":{"line":58,"column":36},"end":{"line":58,"column":37}},"loc":{"start":{"line":59,"column":18},"end":{"line":63,"column":20}},"line":59},"2":{"name":"(anonymous_2)","decl":{"start":{"line":68,"column":37},"end":{"line":68,"column":38}},"loc":{"start":{"line":69,"column":18},"end":{"line":73,"column":20}},"line":69}},"branchMap":{},"s":{"0":2,"1":0,"2":0,"3":0,"4":0},"f":{"0":0,"1":0,"2":0},"b":{},"_coverageSchema":"1a1c01bbd47fc00a2c39e90264f33305004495a9","hash":"affda64bf414b1253ffd11704d868462e713ed6b"}
,"/Users/manel.alonso/repos/lk-coding-exercise-product-engineer-react-native/src/components/common/PokemonDetail/style.ts": {"path":"/Users/manel.alonso/repos/lk-coding-exercise-product-engineer-react-native/src/components/common/PokemonDetail/style.ts","statementMap":{"0":{"start":{"line":3,"column":49},"end":{"line":5,"column":1}},"1":{"start":{"line":7,"column":51},"end":{"line":11,"column":1}},"2":{"start":{"line":13,"column":58},"end":{"line":17,"column":1}},"3":{"start":{"line":19,"column":57},"end":{"line":24,"column":1}},"4":{"start":{"line":26,"column":63},"end":{"line":32,"column":1}},"5":{"start":{"line":34,"column":56},"end":{"line":39,"column":1}},"6":{"start":{"line":41,"column":51},"end":{"line":44,"column":1}},"7":{"start":{"line":46,"column":59},"end":{"line":52,"column":1}},"8":{"start":{"line":54,"column":64},"end":{"line":57,"column":1}}},"fnMap":{},"branchMap":{},"s":{"0":2,"1":2,"2":2,"3":2,"4":2,"5":2,"6":2,"7":2,"8":2},"f":{},"b":{},"_coverageSchema":"1a1c01bbd47fc00a2c39e90264f33305004495a9","hash":"b7542efffb8f0e39d9a4f21c094e258c448bf0fb"}
,"/Users/manel.alonso/repos/lk-coding-exercise-product-engineer-react-native/src/components/common/Stat/Stat.tsx": {"path":"/Users/manel.alonso/repos/lk-coding-exercise-product-engineer-react-native/src/components/common/Stat/Stat.tsx","statementMap":{"0":{"start":{"line":10,"column":20},"end":{"line":16,"column":1}},"1":{"start":{"line":11,"column":26},"end":{"line":11,"column":31}},"2":{"start":{"line":13,"column":24},"end":{"line":13,"column":75}},"3":{"start":{"line":15,"column":2},"end":{"line":15,"column":66}}},"fnMap":{"0":{"name":"(anonymous_0)","decl":{"start":{"line":10,"column":20},"end":{"line":10,"column":21}},"loc":{"start":{"line":10,"column":42},"end":{"line":16,"column":1}},"line":10}},"branchMap":{},"s":{"0":2,"1":0,"2":0,"3":0},"f":{"0":0},"b":{},"_coverageSchema":"1a1c01bbd47fc00a2c39e90264f33305004495a9","hash":"258a0c1b9545a09441646f89a2653d83730398ef"}
,"/Users/manel.alonso/repos/lk-coding-exercise-product-engineer-react-native/src/components/common/Stat/style.ts": {"path":"/Users/manel.alonso/repos/lk-coding-exercise-product-engineer-react-native/src/components/common/Stat/style.ts","statementMap":{"0":{"start":{"line":3,"column":48},"end":{"line":8,"column":1}}},"fnMap":{},"branchMap":{},"s":{"0":2},"f":{},"b":{},"_coverageSchema":"1a1c01bbd47fc00a2c39e90264f33305004495a9","hash":"268819e6140207a5307f9fa0033daca14bcc47f5"}
,"/Users/manel.alonso/repos/lk-coding-exercise-product-engineer-react-native/src/components/common/Subtitle/Subtitle.tsx": {"path":"/Users/manel.alonso/repos/lk-coding-exercise-product-engineer-react-native/src/components/common/Subtitle/Subtitle.tsx","statementMap":{"0":{"start":{"line":8,"column":24},"end":{"line":12,"column":1}},"1":{"start":{"line":9,"column":19},"end":{"line":9,"column":24}},"2":{"start":{"line":11,"column":2},"end":{"line":11,"column":51}}},"fnMap":{"0":{"name":"(anonymous_0)","decl":{"start":{"line":8,"column":24},"end":{"line":8,"column":25}},"loc":{"start":{"line":8,"column":47},"end":{"line":12,"column":1}},"line":8}},"branchMap":{},"s":{"0":2,"1":0,"2":0},"f":{"0":0},"b":{},"_coverageSchema":"1a1c01bbd47fc00a2c39e90264f33305004495a9","hash":"7b21c91c5f0bb0f5b6fe8dabc488fa5dd8233db6"}
,"/Users/manel.alonso/repos/lk-coding-exercise-product-engineer-react-native/src/components/common/Subtitle/style.ts": {"path":"/Users/manel.alonso/repos/lk-coding-exercise-product-engineer-react-native/src/components/common/Subtitle/style.ts","statementMap":{"0":{"start":{"line":3,"column":52},"end":{"line":11,"column":1}}},"fnMap":{},"branchMap":{},"s":{"0":2},"f":{},"b":{},"_coverageSchema":"1a1c01bbd47fc00a2c39e90264f33305004495a9","hash":"e630d259328ee96c97ea477b09dd157b77c40fa0"}
,"/Users/manel.alonso/repos/lk-coding-exercise-product-engineer-react-native/src/components/common/Title/Title.tsx": {"path":"/Users/manel.alonso/repos/lk-coding-exercise-product-engineer-react-native/src/components/common/Title/Title.tsx","statementMap":{"0":{"start":{"line":8,"column":21},"end":{"line":12,"column":1}},"1":{"start":{"line":9,"column":19},"end":{"line":9,"column":24}},"2":{"start":{"line":11,"column":2},"end":{"line":11,"column":48}}},"fnMap":{"0":{"name":"(anonymous_0)","decl":{"start":{"line":8,"column":21},"end":{"line":8,"column":22}},"loc":{"start":{"line":8,"column":44},"end":{"line":12,"column":1}},"line":8}},"branchMap":{},"s":{"0":2,"1":5,"2":5},"f":{"0":5},"b":{},"_coverageSchema":"1a1c01bbd47fc00a2c39e90264f33305004495a9","hash":"37abb8ac77ac01030b74760cbc3225cfb630085c"}
,"/Users/manel.alonso/repos/lk-coding-exercise-product-engineer-react-native/src/components/common/Title/style.ts": {"path":"/Users/manel.alonso/repos/lk-coding-exercise-product-engineer-react-native/src/components/common/Title/style.ts","statementMap":{"0":{"start":{"line":3,"column":49},"end":{"line":12,"column":1}}},"fnMap":{},"branchMap":{},"s":{"0":2},"f":{},"b":{},"_coverageSchema":"1a1c01bbd47fc00a2c39e90264f33305004495a9","hash":"7a6fb13c91cb8294d013938ed15aa422018d8baa"}
}
