TN:
SF:App.tsx
FN:10,App
FNF:1
FNH:1
FNDA:1,App
DA:4,1
DA:11,1
LF:2
LH:2
BRF:0
BRH:0
end_of_record
TN:
SF:src/api/util/utils.ts
FN:3,(anonymous_0)
FN:6,(anonymous_1)
FN:13,(anonymous_2)
FN:16,(anonymous_3)
FNF:4
FNH:4
FNDA:2,(anonymous_0)
FNDA:6,(anonymous_1)
FNDA:4,(anonymous_2)
FNDA:4,(anonymous_3)
DA:3,3
DA:4,2
DA:5,2
DA:6,2
DA:7,6
DA:8,6
DA:10,6
DA:12,2
DA:14,4
DA:16,4
DA:18,2
LF:11
LH:11
BRDA:14,0,0,3
BRDA:14,0,1,1
BRF:2
BRH:2
end_of_record
TN:
SF:src/components/Home/Home.tsx
FN:7,(anonymous_0)
FNF:1
FNH:1
FNDA:5,(anonymous_0)
DA:7,1
DA:9,5
DA:11,5
LF:3
LH:3
BRDA:14,0,0,0
BRDA:14,0,1,5
BRDA:24,1,0,2
BRDA:24,1,1,3
BRF:4
BRH:3
end_of_record
TN:
SF:src/components/Home/styles.ts
FNF:0
FNH:0
DA:3,1
DA:14,1
DA:18,1
LF:3
LH:3
BRF:0
BRH:0
end_of_record
TN:
SF:src/components/Home/hooks/useHomeState.tsx
FN:6,(anonymous_0)
FN:12,(anonymous_1)
FN:14,(anonymous_2)
FN:21,(anonymous_3)
FN:22,(anonymous_4)
FN:35,(anonymous_5)
FN:47,(anonymous_6)
FN:52,(anonymous_7)
FN:53,(anonymous_8)
FNF:9
FNH:7
FNDA:24,(anonymous_0)
FNDA:4,(anonymous_1)
FNDA:4,(anonymous_2)
FNDA:2,(anonymous_3)
FNDA:1,(anonymous_4)
FNDA:0,(anonymous_5)
FNDA:0,(anonymous_6)
FNDA:1,(anonymous_7)
FNDA:1,(anonymous_8)
DA:6,2
DA:7,24
DA:8,24
DA:9,24
DA:10,24
DA:12,24
DA:13,4
DA:14,4
DA:15,4
DA:16,4
DA:17,4
DA:21,24
DA:22,2
DA:24,2
DA:25,1
DA:26,1
DA:27,1
DA:29,1
DA:32,1
DA:35,24
DA:42,0
DA:47,0
DA:52,24
DA:53,1
DA:54,1
DA:55,1
DA:59,24
LF:27
LH:25
BRDA:24,0,0,1
BRDA:24,0,1,1
BRF:2
BRH:2
end_of_record
TN:
SF:src/components/common/Header/Header.tsx
FN:7,(anonymous_0)
FN:10,(anonymous_1)
FNF:2
FNH:1
FNDA:5,(anonymous_0)
FNDA:0,(anonymous_1)
DA:7,1
DA:8,5
DA:10,5
DA:11,0
DA:18,5
LF:5
LH:4
BRDA:30,0,0,0
BRDA:30,0,1,5
BRF:2
BRH:1
end_of_record
TN:
SF:src/components/common/Header/style.ts
FNF:0
FNH:0
DA:3,1
DA:11,1
LF:2
LH:2
BRF:0
BRH:0
end_of_record
TN:
SF:src/components/common/Pokemon/Pokemon.tsx
FN:27,(anonymous_0)
FN:34,(anonymous_1)
FN:35,(anonymous_2)
FN:41,(anonymous_3)
FN:56,(anonymous_4)
FN:62,(anonymous_5)
FNF:6
FNH:0
FNDA:0,(anonymous_0)
FNDA:0,(anonymous_1)
FNDA:0,(anonymous_2)
FNDA:0,(anonymous_3)
FNDA:0,(anonymous_4)
FNDA:0,(anonymous_5)
DA:27,2
DA:28,0
DA:29,0
DA:31,0
DA:32,0
DA:34,0
DA:35,0
DA:36,0
DA:37,0
DA:41,0
DA:42,0
DA:45,0
DA:56,0
DA:62,0
LF:14
LH:1
BRDA:52,0,0,0
BRDA:52,0,1,0
BRDA:67,1,0,0
BRDA:67,1,1,0
BRF:4
BRH:0
end_of_record
TN:
SF:src/components/common/Pokemon/style.ts
FNF:0
FNH:0
DA:3,2
DA:11,2
DA:25,2
DA:30,2
DA:36,2
DA:41,2
LF:6
LH:6
BRF:0
BRH:0
end_of_record
TN:
SF:src/components/common/PokemonDetail/PokemonDetail.tsx
FN:26,(anonymous_0)
FN:58,(anonymous_1)
FN:68,(anonymous_2)
FNF:3
FNH:0
FNDA:0,(anonymous_0)
FNDA:0,(anonymous_1)
FNDA:0,(anonymous_2)
DA:26,2
DA:27,0
DA:29,0
DA:59,0
DA:69,0
LF:5
LH:1
BRF:0
BRH:0
end_of_record
TN:
SF:src/components/common/PokemonDetail/style.ts
FNF:0
FNH:0
DA:3,2
DA:7,2
DA:13,2
DA:19,2
DA:26,2
DA:34,2
DA:41,2
DA:46,2
DA:54,2
LF:9
LH:9
BRF:0
BRH:0
end_of_record
TN:
SF:src/components/common/Stat/Stat.tsx
FN:10,(anonymous_0)
FNF:1
FNH:0
FNDA:0,(anonymous_0)
DA:10,2
DA:11,0
DA:13,0
DA:15,0
LF:4
LH:1
BRF:0
BRH:0
end_of_record
TN:
SF:src/components/common/Stat/style.ts
FNF:0
FNH:0
DA:3,2
LF:1
LH:1
BRF:0
BRH:0
end_of_record
TN:
SF:src/components/common/Subtitle/Subtitle.tsx
FN:8,(anonymous_0)
FNF:1
FNH:0
FNDA:0,(anonymous_0)
DA:8,2
DA:9,0
DA:11,0
LF:3
LH:1
BRF:0
BRH:0
end_of_record
TN:
SF:src/components/common/Subtitle/style.ts
FNF:0
FNH:0
DA:3,2
LF:1
LH:1
BRF:0
BRH:0
end_of_record
TN:
SF:src/components/common/Title/Title.tsx
FN:8,(anonymous_0)
FNF:1
FNH:1
FNDA:5,(anonymous_0)
DA:8,2
DA:9,5
DA:11,5
LF:3
LH:3
BRF:0
BRH:0
end_of_record
TN:
SF:src/components/common/Title/style.ts
FNF:0
FNH:0
DA:3,2
LF:1
LH:1
BRF:0
BRH:0
end_of_record
